<?xml version="1.0" encoding="UTF-8"?>
<!-- Generated by org.testng.reporters.JUnitReportReporter -->
<testsuite skipped="0" hostname="shrisai-PC" name="com.visionit.studentscode.bindiya.snippets.Actions.Resisable" tests="1" failures="0" timestamp="26 Nov 2018 10:50:27 GMT" time="22.349" errors="0">
  <testcase name="resizable" time="22.349" classname="com.visionit.studentscode.bindiya.snippets.Actions.Resisable"/>
</testsuite> <!-- com.visionit.studentscode.bindiya.snippets.Actions.Resisable -->
