<?xml version="1.0" encoding="UTF-8"?>
<!-- Generated by org.testng.reporters.JUnitReportReporter -->
<testsuite skipped="0" hostname="DESKTOP-EBQA6UF" name="com.visionit.studentscode.sarang.product.cscart.tc.tc_ele_demo" tests="1" failures="0" timestamp="27 Nov 2018 14:00:22 GMT" time="16.689" errors="0">
  <testcase name="purchaseDextop" time="16.689" classname="com.visionit.studentscode.sarang.product.cscart.tc.tc_ele_demo"/>
</testsuite> <!-- com.visionit.studentscode.sarang.product.cscart.tc.tc_ele_demo -->
