<?xml version="1.0" encoding="UTF-8"?>
<!-- Generated by org.testng.reporters.JUnitReportReporter -->
<testsuite skipped="0" hostname="shru" name="com.visionit.studentscode.shrungari.snippet.action.draggable" tests="1" failures="0" timestamp="26 Nov 2018 10:50:40 GMT" time="22.912" errors="0">
  <testcase name="draggable" time="22.912" classname="com.visionit.studentscode.shrungari.snippet.action.draggable"/>
</testsuite> <!-- com.visionit.studentscode.shrungari.snippet.action.draggable -->
