<?xml version="1.0" encoding="UTF-8"?>
<!-- Generated by org.testng.reporters.JUnitReportReporter -->
<testsuite skipped="0" hostname="shru" name="com.visionit.studentscode.shrungari.snippet.action.resizable" tests="1" failures="0" timestamp="27 Nov 2018 14:30:23 GMT" time="21.083" errors="0">
  <testcase name="resizable" time="21.083" classname="com.visionit.studentscode.shrungari.snippet.action.resizable"/>
</testsuite> <!-- com.visionit.studentscode.shrungari.snippet.action.resizable -->
