<?xml version="1.0" encoding="UTF-8"?>
<!-- Generated by org.testng.reporters.JUnitReportReporter -->
<testsuite skipped="0" hostname="shrisai-PC" name="com.visionit.studentscode.bindiya.snippets.Actions.selectable" tests="1" failures="0" timestamp="27 Nov 2018 14:23:53 GMT" time="28.446" errors="0">
  <testcase name="selectable" time="28.446" classname="com.visionit.studentscode.bindiya.snippets.Actions.selectable"/>
</testsuite> <!-- com.visionit.studentscode.bindiya.snippets.Actions.selectable -->
